# JRE version: OpenJDK Runtime Environment (8.0_152-b01) (build 1.8.0_152-release-1343-b01)
# Java VM: OpenJDK 64-Bit Server VM (25.152-b01 mixed mode windows-amd64 compressed oops)
Heap:
 PSYoungGen      total 225792K, used 144866K [0x00000000e0000000, 0x00000000ef380000, 0x0000000100000000)
  eden space 203264K, 65% used [0x00000000e0000000,0x00000000e81f2e40,0x00000000ec680000)
  from space 22528K, 52% used [0x00000000ec780000,0x00000000ed305ac8,0x00000000edd80000)
  to   space 17408K, 0% used [0x00000000ee280000,0x00000000ee280000,0x00000000ef380000)
 ParOldGen       total 184832K, used 52667K [0x00000000a0000000, 0x00000000ab480000, 0x00000000e0000000)
  object space 184832K, 28% used [0x00000000a0000000,0x00000000a336efd8,0x00000000ab480000)
 Metaspace       used 97909K, capacity 102322K, committed 102824K, reserved 1138688K
  class space    used 12561K, capacity 13365K, committed 13480K, reserved 1048576K
GC Heap History (10 events):
Event: 201.041 GC heap before
{Heap before GC invocations=17 (full 3):
 PSYoungGen      total 204800K, used 204793K [0x00000000e0000000, 0x00000000efe80000, 0x0000000100000000)
  eden space 188928K, 100% used [0x00000000e0000000,0x00000000eb880000,0x00000000eb880000)
  from space 15872K, 99% used [0x00000000eb880000,0x00000000ec7fe760,0x00000000ec800000)
  to   space 21504K, 0% used [0x00000000ee980000,0x00000000ee980000,0x00000000efe80000)
 ParOldGen       total 122880K, used 43523K [0x00000000a0000000, 0x00000000a7800000, 0x00000000e0000000)
  object space 122880K, 35% used [0x00000000a0000000,0x00000000a2a80f28,0x00000000a7800000)
 Metaspace       used 85699K, capacity 89266K, committed 89512K, reserved 1126400K
  class space    used 11352K, capacity 12084K, committed 12200K, reserved 1048576K
Event: 201.202 GC heap after
Heap after GC invocations=17 (full 3):
 PSYoungGen      total 239616K, used 12819K [0x00000000e0000000, 0x00000000eff80000, 0x0000000100000000)
  eden space 218112K, 0% used [0x00000000e0000000,0x00000000e0000000,0x00000000ed500000)
  from space 21504K, 59% used [0x00000000ee980000,0x00000000ef604cf8,0x00000000efe80000)
  to   space 20992K, 0% used [0x00000000ed500000,0x00000000ed500000,0x00000000ee980000)
 ParOldGen       total 122880K, used 56272K [0x00000000a0000000, 0x00000000a7800000, 0x00000000e0000000)
  object space 122880K, 45% used [0x00000000a0000000,0x00000000a36f4080,0x00000000a7800000)
 Metaspace       used 85699K, capacity 89266K, committed 89512K, reserved 1126400K
  class space    used 11352K, capacity 12084K, committed 12200K, reserved 1048576K
}
Event: 581.585 GC heap before
{Heap before GC invocations=18 (full 3):
 PSYoungGen      total 239616K, used 230931K [0x00000000e0000000, 0x00000000eff80000, 0x0000000100000000)
  eden space 218112K, 100% used [0x00000000e0000000,0x00000000ed500000,0x00000000ed500000)
  from space 21504K, 59% used [0x00000000ee980000,0x00000000ef604cf8,0x00000000efe80000)
  to   space 20992K, 0% used [0x00000000ed500000,0x00000000ed500000,0x00000000ee980000)
 ParOldGen       total 122880K, used 56272K [0x00000000a0000000, 0x00000000a7800000, 0x00000000e0000000)
  object space 122880K, 45% used [0x00000000a0000000,0x00000000a36f4080,0x00000000a7800000)
 Metaspace       used 88121K, capacity 91944K, committed 92072K, reserved 1128448K
  class space    used 11585K, capacity 12358K, committed 12456K, reserved 1048576K
Event: 581.602 GC heap after
Heap after GC invocations=18 (full 3):
 PSYoungGen      total 224256K, used 13655K [0x00000000e0000000, 0x00000000ef680000, 0x0000000100000000)
  eden space 210432K, 0% used [0x00000000e0000000,0x00000000e0000000,0x00000000ecd80000)
  from space 13824K, 98% used [0x00000000ed500000,0x00000000ee255c40,0x00000000ee280000)
  to   space 20480K, 0% used [0x00000000ee280000,0x00000000ee280000,0x00000000ef680000)
 ParOldGen       total 122880K, used 56280K [0x00000000a0000000, 0x00000000a7800000, 0x00000000e0000000)
  object space 122880K, 45% used [0x00000000a0000000,0x00000000a36f6080,0x00000000a7800000)
 Metaspace       used 88121K, capacity 91944K, committed 92072K, reserved 1128448K
  class space    used 11585K, capacity 12358K, committed 12456K, reserved 1048576K
}
Event: 803.251 GC heap before
{Heap before GC invocations=19 (full 3):
 PSYoungGen      total 224256K, used 212120K [0x00000000e0000000, 0x00000000ef680000, 0x0000000100000000)
  eden space 210432K, 94% used [0x00000000e0000000,0x00000000ec1d0790,0x00000000ecd80000)
  from space 13824K, 98% used [0x00000000ed500000,0x00000000ee255c40,0x00000000ee280000)
  to   space 20480K, 0% used [0x00000000ee280000,0x00000000ee280000,0x00000000ef680000)
 ParOldGen       total 122880K, used 56280K [0x00000000a0000000, 0x00000000a7800000, 0x00000000e0000000)
  object space 122880K, 45% used [0x00000000a0000000,0x00000000a36f6080,0x00000000a7800000)
 Metaspace       used 93971K, capacity 98454K, committed 98600K, reserved 1134592K
  class space    used 12261K, capacity 13135K, committed 13224K, reserved 1048576K
Event: 803.334 GC heap after
Heap after GC invocations=19 (full 3):
 PSYoungGen      total 220672K, used 17320K [0x00000000e0000000, 0x00000000ef380000, 0x0000000100000000)
  eden space 203264K, 0% used [0x00000000e0000000,0x00000000e0000000,0x00000000ec680000)
  from space 17408K, 99% used [0x00000000ee280000,0x00000000ef36a220,0x00000000ef380000)
  to   space 22528K, 0% used [0x00000000ec780000,0x00000000ec780000,0x00000000edd80000)
 ParOldGen       total 122880K, used 56288K [0x00000000a0000000, 0x00000000a7800000, 0x00000000e0000000)
  object space 122880K, 45% used [0x00000000a0000000,0x00000000a36f8080,0x00000000a7800000)
 Metaspace       used 93971K, capacity 98454K, committed 98600K, reserved 1134592K
  class space    used 12261K, capacity 13135K, committed 13224K, reserved 1048576K
}
Event: 803.365 GC heap before
{Heap before GC invocations=20 (full 4):
 PSYoungGen      total 220672K, used 17320K [0x00000000e0000000, 0x00000000ef380000, 0x0000000100000000)
  eden space 203264K, 0% used [0x00000000e0000000,0x00000000e0000000,0x00000000ec680000)
  from space 17408K, 99% used [0x00000000ee280000,0x00000000ef36a220,0x00000000ef380000)
  to   space 22528K, 0% used [0x00000000ec780000,0x00000000ec780000,0x00000000edd80000)
 ParOldGen       total 122880K, used 56288K [0x00000000a0000000, 0x00000000a7800000, 0x00000000e0000000)
  object space 122880K, 45% used [0x00000000a0000000,0x00000000a36f8080,0x00000000a7800000)
 Metaspace       used 93971K, capacity 98454K, committed 98600K, reserved 1134592K
  class space    used 12261K, capacity 13135K, committed 13224K, reserved 1048576K
Event: 806.064 GC heap after
Heap after GC invocations=20 (full 4):
 PSYoungGen      total 220672K, used 0K [0x00000000e0000000, 0x00000000ef380000, 0x0000000100000000)
  eden space 203264K, 0% used [0x00000000e0000000,0x00000000e0000000,0x00000000ec680000)
  from space 17408K, 0% used [0x00000000ee280000,0x00000000ee280000,0x00000000ef380000)
  to   space 22528K, 0% used [0x00000000ec780000,0x00000000ec780000,0x00000000edd80000)
 ParOldGen       total 184832K, used 52659K [0x00000000a0000000, 0x00000000ab480000, 0x00000000e0000000)
  object space 184832K, 28% used [0x00000000a0000000,0x00000000a336cfd8,0x00000000ab480000)
 Metaspace       used 93717K, capacity 97744K, committed 98600K, reserved 1134592K
  class space    used 12174K, capacity 12986K, committed 13224K, reserved 1048576K
}
Event: 4782.787 GC heap before
{Heap before GC invocations=21 (full 4):
 PSYoungGen      total 220672K, used 203264K [0x00000000e0000000, 0x00000000ef380000, 0x0000000100000000)
  eden space 203264K, 100% used [0x00000000e0000000,0x00000000ec680000,0x00000000ec680000)
  from space 17408K, 0% used [0x00000000ee280000,0x00000000ee280000,0x00000000ef380000)
  to   space 22528K, 0% used [0x00000000ec780000,0x00000000ec780000,0x00000000edd80000)
 ParOldGen       total 184832K, used 52659K [0x00000000a0000000, 0x00000000ab480000, 0x00000000e0000000)
  object space 184832K, 28% used [0x00000000a0000000,0x00000000a336cfd8,0x00000000ab480000)
 Metaspace       used 96752K, capacity 101028K, committed 101800K, reserved 1138688K
  class space    used 12460K, capacity 13260K, committed 13480K, reserved 1048576K
Event: 4784.732 GC heap after
Heap after GC invocations=21 (full 4):
 PSYoungGen      total 225792K, used 11798K [0x00000000e0000000, 0x00000000ef380000, 0x0000000100000000)
  eden space 203264K, 0% used [0x00000000e0000000,0x00000000e0000000,0x00000000ec680000)
  from space 22528K, 52% used [0x00000000ec780000,0x00000000ed305ac8,0x00000000edd80000)
  to   space 17408K, 0% used [0x00000000ee280000,0x00000000ee280000,0x00000000ef380000)
 ParOldGen       total 184832K, used 52667K [0x00000000a0000000, 0x00000000ab480000, 0x00000000e0000000)
  object space 184832K, 28% used [0x00000000a0000000,0x00000000a336efd8,0x00000000ab480000)
 Metaspace       used 96752K, capacity 101028K, committed 101800K, reserved 1138688K
  class space    used 12460K, capacity 13260K, committed 13480K, reserved 1048576K
}

