# JRE version: OpenJDK Runtime Environment (8.0_152-b01) (build 1.8.0_152-release-1343-b01)
# Java VM: OpenJDK 64-Bit Server VM (25.152-b01 mixed mode windows-amd64 compressed oops)
Heap:
 PSYoungGen      total 114688K, used 4996K [0x00000000e0000000, 0x00000000e8400000, 0x0000000100000000)
  eden space 109568K, 0% used [0x00000000e0000000,0x00000000e0000000,0x00000000e6b00000)
  from space 5120K, 97% used [0x00000000e7f00000,0x00000000e83e1048,0x00000000e8400000)
  to   space 11264K, 0% used [0x00000000e6e00000,0x00000000e6e00000,0x00000000e7900000)
 ParOldGen       total 54272K, used 15184K [0x00000000a0000000, 0x00000000a3500000, 0x00000000e0000000)
  object space 54272K, 27% used [0x00000000a0000000,0x00000000a0ed40b8,0x00000000a3500000)
 Metaspace       used 39928K, capacity 40924K, committed 41088K, reserved 1089536K
  class space    used 5468K, capacity 5723K, committed 5760K, reserved 1048576K
GC Heap History (10 events):
Event: 5.287 GC heap before
{Heap before GC invocations=9 (full 1):
 PSYoungGen      total 43520K, used 37614K [0x00000000e0000000, 0x00000000e4d00000, 0x0000000100000000)
  eden space 33280K, 100% used [0x00000000e0000000,0x00000000e2080000,0x00000000e2080000)
  from space 10240K, 42% used [0x00000000e2080000,0x00000000e24bbb08,0x00000000e2a80000)
  to   space 10240K, 0% used [0x00000000e4300000,0x00000000e4300000,0x00000000e4d00000)
 ParOldGen       total 54272K, used 8233K [0x00000000a0000000, 0x00000000a3500000, 0x00000000e0000000)
  object space 54272K, 15% used [0x00000000a0000000,0x00000000a080a538,0x00000000a3500000)
 Metaspace       used 27931K, capacity 28372K, committed 28672K, reserved 1073152K
  class space    used 3839K, capacity 4030K, committed 4096K, reserved 1048576K
Event: 5.293 GC heap after
Heap after GC invocations=9 (full 1):
 PSYoungGen      total 68608K, used 5336K [0x00000000e0000000, 0x00000000e4d00000, 0x0000000100000000)
  eden space 58368K, 0% used [0x00000000e0000000,0x00000000e0000000,0x00000000e3900000)
  from space 10240K, 52% used [0x00000000e4300000,0x00000000e48363d0,0x00000000e4d00000)
  to   space 10240K, 0% used [0x00000000e3900000,0x00000000e3900000,0x00000000e4300000)
 ParOldGen       total 54272K, used 8241K [0x00000000a0000000, 0x00000000a3500000, 0x00000000e0000000)
  object space 54272K, 15% used [0x00000000a0000000,0x00000000a080c538,0x00000000a3500000)
 Metaspace       used 27931K, capacity 28372K, committed 28672K, reserved 1073152K
  class space    used 3839K, capacity 4030K, committed 4096K, reserved 1048576K
}
Event: 6.639 GC heap before
{Heap before GC invocations=10 (full 1):
 PSYoungGen      total 68608K, used 63704K [0x00000000e0000000, 0x00000000e4d00000, 0x0000000100000000)
  eden space 58368K, 100% used [0x00000000e0000000,0x00000000e3900000,0x00000000e3900000)
  from space 10240K, 52% used [0x00000000e4300000,0x00000000e48363d0,0x00000000e4d00000)
  to   space 10240K, 0% used [0x00000000e3900000,0x00000000e3900000,0x00000000e4300000)
 ParOldGen       total 54272K, used 8241K [0x00000000a0000000, 0x00000000a3500000, 0x00000000e0000000)
  object space 54272K, 15% used [0x00000000a0000000,0x00000000a080c538,0x00000000a3500000)
 Metaspace       used 31383K, capacity 32094K, committed 32384K, reserved 1077248K
  class space    used 4398K, capacity 4618K, committed 4736K, reserved 1048576K
Event: 6.647 GC heap after
Heap after GC invocations=10 (full 1):
 PSYoungGen      total 68608K, used 9193K [0x00000000e0000000, 0x00000000e6680000, 0x0000000100000000)
  eden space 58368K, 0% used [0x00000000e0000000,0x00000000e0000000,0x00000000e3900000)
  from space 10240K, 89% used [0x00000000e3900000,0x00000000e41fa778,0x00000000e4300000)
  to   space 10752K, 0% used [0x00000000e5c00000,0x00000000e5c00000,0x00000000e6680000)
 ParOldGen       total 54272K, used 8249K [0x00000000a0000000, 0x00000000a3500000, 0x00000000e0000000)
  object space 54272K, 15% used [0x00000000a0000000,0x00000000a080e538,0x00000000a3500000)
 Metaspace       used 31383K, capacity 32094K, committed 32384K, reserved 1077248K
  class space    used 4398K, capacity 4618K, committed 4736K, reserved 1048576K
}
Event: 13.130 GC heap before
{Heap before GC invocations=11 (full 1):
 PSYoungGen      total 68608K, used 67561K [0x00000000e0000000, 0x00000000e6680000, 0x0000000100000000)
  eden space 58368K, 100% used [0x00000000e0000000,0x00000000e3900000,0x00000000e3900000)
  from space 10240K, 89% used [0x00000000e3900000,0x00000000e41fa778,0x00000000e4300000)
  to   space 10752K, 0% used [0x00000000e5c00000,0x00000000e5c00000,0x00000000e6680000)
 ParOldGen       total 54272K, used 8249K [0x00000000a0000000, 0x00000000a3500000, 0x00000000e0000000)
  object space 54272K, 15% used [0x00000000a0000000,0x00000000a080e538,0x00000000a3500000)
 Metaspace       used 34411K, capacity 35268K, committed 35456K, reserved 1079296K
  class space    used 4770K, capacity 4990K, committed 4992K, reserved 1048576K
Event: 13.138 GC heap after
Heap after GC invocations=11 (full 1):
 PSYoungGen      total 90112K, used 7942K [0x00000000e0000000, 0x00000000e6480000, 0x0000000100000000)
  eden space 81408K, 0% used [0x00000000e0000000,0x00000000e0000000,0x00000000e4f80000)
  from space 8704K, 91% used [0x00000000e5c00000,0x00000000e63c1b50,0x00000000e6480000)
  to   space 10752K, 0% used [0x00000000e4f80000,0x00000000e4f80000,0x00000000e5a00000)
 ParOldGen       total 54272K, used 11308K [0x00000000a0000000, 0x00000000a3500000, 0x00000000e0000000)
  object space 54272K, 20% used [0x00000000a0000000,0x00000000a0b0b108,0x00000000a3500000)
 Metaspace       used 34411K, capacity 35268K, committed 35456K, reserved 1079296K
  class space    used 4770K, capacity 4990K, committed 4992K, reserved 1048576K
}
Event: 13.247 GC heap before
{Heap before GC invocations=12 (full 1):
 PSYoungGen      total 90112K, used 9669K [0x00000000e0000000, 0x00000000e6480000, 0x0000000100000000)
  eden space 81408K, 2% used [0x00000000e0000000,0x00000000e01afa18,0x00000000e4f80000)
  from space 8704K, 91% used [0x00000000e5c00000,0x00000000e63c1b50,0x00000000e6480000)
  to   space 10752K, 0% used [0x00000000e4f80000,0x00000000e4f80000,0x00000000e5a00000)
 ParOldGen       total 54272K, used 11308K [0x00000000a0000000, 0x00000000a3500000, 0x00000000e0000000)
  object space 54272K, 20% used [0x00000000a0000000,0x00000000a0b0b108,0x00000000a3500000)
 Metaspace       used 34549K, capacity 35396K, committed 35456K, reserved 1079296K
  class space    used 4773K, capacity 4990K, committed 4992K, reserved 1048576K
Event: 13.251 GC heap after
Heap after GC invocations=12 (full 1):
 PSYoungGen      total 92160K, used 288K [0x00000000e0000000, 0x00000000e8a80000, 0x0000000100000000)
  eden space 81408K, 0% used [0x00000000e0000000,0x00000000e0000000,0x00000000e4f80000)
  from space 10752K, 2% used [0x00000000e4f80000,0x00000000e4fc8000,0x00000000e5a00000)
  to   space 11776K, 0% used [0x00000000e7f00000,0x00000000e7f00000,0x00000000e8a80000)
 ParOldGen       total 54272K, used 16674K [0x00000000a0000000, 0x00000000a3500000, 0x00000000e0000000)
  object space 54272K, 30% used [0x00000000a0000000,0x00000000a1048a08,0x00000000a3500000)
 Metaspace       used 34549K, capacity 35396K, committed 35456K, reserved 1079296K
  class space    used 4773K, capacity 4990K, committed 4992K, reserved 1048576K
}
Event: 13.251 GC heap before
{Heap before GC invocations=13 (full 2):
 PSYoungGen      total 92160K, used 288K [0x00000000e0000000, 0x00000000e8a80000, 0x0000000100000000)
  eden space 81408K, 0% used [0x00000000e0000000,0x00000000e0000000,0x00000000e4f80000)
  from space 10752K, 2% used [0x00000000e4f80000,0x00000000e4fc8000,0x00000000e5a00000)
  to   space 11776K, 0% used [0x00000000e7f00000,0x00000000e7f00000,0x00000000e8a80000)
 ParOldGen       total 54272K, used 16674K [0x00000000a0000000, 0x00000000a3500000, 0x00000000e0000000)
  object space 54272K, 30% used [0x00000000a0000000,0x00000000a1048a08,0x00000000a3500000)
 Metaspace       used 34549K, capacity 35396K, committed 35456K, reserved 1079296K
  class space    used 4773K, capacity 4990K, committed 4992K, reserved 1048576K
Event: 13.380 GC heap after
Heap after GC invocations=13 (full 2):
 PSYoungGen      total 92160K, used 0K [0x00000000e0000000, 0x00000000e8a80000, 0x0000000100000000)
  eden space 81408K, 0% used [0x00000000e0000000,0x00000000e0000000,0x00000000e4f80000)
  from space 10752K, 0% used [0x00000000e4f80000,0x00000000e4f80000,0x00000000e5a00000)
  to   space 11776K, 0% used [0x00000000e7f00000,0x00000000e7f00000,0x00000000e8a80000)
 ParOldGen       total 54272K, used 15176K [0x00000000a0000000, 0x00000000a3500000, 0x00000000e0000000)
  object space 54272K, 27% used [0x00000000a0000000,0x00000000a0ed20b8,0x00000000a3500000)
 Metaspace       used 34538K, capacity 35360K, committed 35456K, reserved 1079296K
  class space    used 4770K, capacity 4984K, committed 4992K, reserved 1048576K
}

